<?xml version="1.0" encoding="UTF-8"?>
<coverage generated="1588670462805" clover="3.2.0">
  <project timestamp="1588670462805" name="All files">
    <metrics statements="2" coveredstatements="2" conditionals="2" coveredconditionals="1" methods="1" coveredmethods="1" elements="5" coveredelements="4" complexity="0" loc="2" ncloc="2" packages="1" files="1" classes="1"/>
    <file name="phoneFilter.ts" path="D:\WebProjects\trading\client\filters\phoneFilter.ts">
      <metrics statements="2" coveredstatements="2" conditionals="2" coveredconditionals="1" methods="1" coveredmethods="1"/>
      <line num="5" count="1" type="stmt"/>
      <line num="6" count="1" type="cond" truecount="1" falsecount="1"/>
    </file>
  </project>
</coverage>
